<?xml version="1.0" encoding="UTF-8"?>
<testsuite name="com.magic.payrollDB.EmployeePayrollServiceTest" tests="1" skipped="0" failures="0" errors="0" timestamp="2021-06-25T16:51:01" hostname="DESKTOP-0RG9E2N" time="1.466">
  <properties/>
  <testcase name="given_EmployeePayroll_connectionCount_employeeInsertion()" classname="com.magic.payrollDB.EmployeePayrollServiceTest" time="1.466"/>
  <system-out><![CDATA[]]></system-out>
  <system-err><![CDATA[]]></system-err>
</testsuite>
