<?xml version="1.0" encoding="UTF-8"?>
<testsuite name="com.magic.payrollDB.EmployeePayrollServiceTest" tests="1" skipped="0" failures="0" errors="0" timestamp="2021-06-23T16:14:05" hostname="DESKTOP-0RG9E2N" time="0.513">
  <properties/>
  <testcase name="given_EmployeePayroll_maximumSalary_OfFemale()" classname="com.magic.payrollDB.EmployeePayrollServiceTest" time="0.513"/>
  <system-out><![CDATA[]]></system-out>
  <system-err><![CDATA[]]></system-err>
</testsuite>
